<?xml version="1.0" encoding="UTF-8"?>
<testng-results skipped="0" failed="0" ignored="0" total="1" passed="1">
  <reporter-output>
  </reporter-output>
  <suite name="webDriverMaven.LoginTest" duration-ms="23277" started-at="2019-09-23T04:25:47Z" finished-at="2019-09-23T04:26:11Z">
    <groups>
    </groups>
    <test name="Command line test" duration-ms="23277" started-at="2019-09-23T04:25:47Z" finished-at="2019-09-23T04:26:11Z">
      <class name="webDriverMaven.LoginTest">
        <test-method status="PASS" signature="setUp()[pri:0, instance:webDriverMaven.LoginTest@2ed94a8b]" name="setUp" is-config="true" duration-ms="7188" started-at="2019-09-23T04:25:47Z" finished-at="2019-09-23T04:25:55Z">
          <reporter-output>
          </reporter-output>
        </test-method> <!-- setUp -->
        <test-method status="PASS" signature="doLogin()[pri:0, instance:webDriverMaven.LoginTest@2ed94a8b]" name="doLogin" duration-ms="15184" started-at="2019-09-23T04:25:55Z" finished-at="2019-09-23T04:26:10Z">
          <reporter-output>
          </reporter-output>
        </test-method> <!-- doLogin -->
        <test-method status="PASS" signature="tearDown()[pri:0, instance:webDriverMaven.LoginTest@2ed94a8b]" name="tearDown" is-config="true" duration-ms="869" started-at="2019-09-23T04:26:10Z" finished-at="2019-09-23T04:26:11Z">
          <reporter-output>
          </reporter-output>
        </test-method> <!-- tearDown -->
      </class> <!-- webDriverMaven.LoginTest -->
    </test> <!-- Command line test -->
  </suite> <!-- webDriverMaven.LoginTest -->
</testng-results>
